<?xml version="1.0" encoding="UTF-8"?>
<!-- Generated by org.testng.reporters.JUnitXMLReporter -->
<testsuite ignored="0" hostname="INLEN8520051734" failures="0" tests="7" name="Default test" time="42.762" errors="0" timestamp="2022-06-09T21:04:54 IST">
  <testcase classname="JpetStore.JpetStoreBusinessFlowTest" name="testAccountCreatedSuccessfully" time="1.202"/>
  <testcase classname="JpetStore.JpetStoreBusinessFlowTest" name="testHomePageAppearCorrect" time="3.152"/>
  <testcase classname="JpetStore.JpetStoreBusinessFlowTest" name="Search_Pet_Page" time="5.215"/>
  <testcase classname="JpetStore.JpetStoreBusinessFlowTest" name="Cart" time="9.971"/>
  <testcase classname="JpetStore.JpetStoreBusinessFlowTest" name="addPetToCart" time="4.448"/>
  <testcase classname="JpetStore.JpetStoreBusinessFlowTest" name="testOrderPlacedSuccessfully" time="3.878"/>
  <testcase classname="JpetStore.JpetStoreBusinessFlowTest" name="Delete" time="4.423"/>
</testsuite> <!-- Default test -->
